net/build/outputs/mapping/release/seeds.txt
com.zeekrlife.net.R$attr: int firstBaselineToTopHeight
com.zeekrlife.net.R$attr: int drawableRightCompat
com.zeekrlife.net.R$layout: int abc_action_bar_title_item
com.zeekrlife.net.R$attr: int panelBackground
com.zeekrlife.net.R$attr: int toolbarStyle
com.zeekrlife.net.R$drawable: int abc_ic_menu_share_mtrl_alpha
com.zeekrlife.net.R$color: int switch_thumb_normal_material_light
com.zeekrlife.net.R$drawable: int abc_star_half_black_48dp
com.zeekrlife.net.R$styleable: int AppCompatTheme_windowActionBar
com.zeekrlife.net.R$style: int Base_V26_Theme_AppCompat
com.zeekrlife.net.R$style: int Base_TextAppearance_AppCompat_Widget_ActionBar_Title
com.zeekrlife.net.R$styleable: int AlertDialog_showTitle
com.zeekrlife.net.R$integer: int config_tooltipAnimTime
com.zeekrlife.net.R$id: int sensors_analytics_tag_view_id
com.zeekrlife.net.R$drawable: int abc_ic_menu_paste_mtrl_am_alpha
com.zeekrlife.net.R$styleable: int AppCompatTheme_windowFixedWidthMinor
com.zeekrlife.net.R$dimen: int abc_dropdownitem_icon_width
com.zeekrlife.net.R$styleable: int Toolbar_navigationIcon
com.zeekrlife.net.R$styleable: int AppCompatImageView_tint
com.zeekrlife.net.R$style: int Base_TextAppearance_AppCompat_Caption
com.zeekrlife.net.R$style: int Base_TextAppearance_AppCompat_Widget_ActionMode_Subtitle
com.zeekrlife.net.R$style: int Base_ThemeOverlay_AppCompat_Light
com.zeekrlife.net.R$styleable: int SwitchCompat_android_textOn
com.zeekrlife.net.R$anim: int fragment_fast_out_extra_slow_in
com.zeekrlife.net.R$dimen: int abc_action_bar_elevation_material
com.zeekrlife.net.R$attr: int contentInsetEnd
com.zeekrlife.net.R$style: int Widget_AppCompat_Light_ListView_DropDown
com.zeekrlife.net.R$styleable: int View_android_focusable
com.zeekrlife.net.R$style: int Base_V7_Widget_AppCompat_Toolbar
com.zeekrlife.net.R$color: int secondary_text_disabled_material_light
com.zeekrlife.net.R$string: int sensors_analytics_encrypt_disable
com.zeekrlife.net.R$attr: int titleMarginEnd
com.zeekrlife.net.R$styleable: int AnimatedStateListDrawableItem_android_drawable
com.zeekrlife.net.R$attr: int fontWeight
com.zeekrlife.net.R$dimen: int abc_button_inset_vertical_material
com.zeekrlife.net.R$attr: int panelMenuListTheme
com.zeekrlife.net.R$dimen: int abc_action_bar_subtitle_bottom_margin_material
com.zeekrlife.net.R$dimen: int abc_action_bar_subtitle_top_margin_material
com.zeekrlife.net.R$attr: int titleMarginBottom
com.zeekrlife.net.R$color: int bright_foreground_disabled_material_dark
com.zeekrlife.net.R$dimen: int highlight_alpha_material_dark
com.zeekrlife.net.R$style: int Theme_AppCompat_Light
com.zeekrlife.net.R$style: int Widget_AppCompat_DrawerArrowToggle
com.zeekrlife.net.R$string: int sensors_analytics_ad_channel
com.zeekrlife.net.R$styleable: int AppCompatTheme_dialogTheme
com.zeekrlife.net.R$styleable: int AppCompatTheme_textAppearancePopupMenuHeader
com.zeekrlife.net.R$drawable: int notification_template_icon_low_bg
com.zeekrlife.net.R$styleable: int AppCompatTheme_spinnerDropDownItemStyle
com.zeekrlife.net.R$styleable: int[] MenuView
com.zeekrlife.net.R$attr: int drawableLeftCompat
com.zeekrlife.net.R$style: int Base_TextAppearance_Widget_AppCompat_Toolbar_Title
com.zeekrlife.net.R$layout: int abc_popup_menu_header_item_layout
com.zeekrlife.net.R$id: int view_tree_lifecycle_owner
com.zeekrlife.net.R$styleable: int AppCompatTheme_actionModeBackground
com.zeekrlife.net.R$id: int accessibility_custom_action_5
com.zeekrlife.net.R$layout: int abc_cascading_menu_item_layout
com.zeekrlife.net.R$attr: int colorControlActivated
com.zeekrlife.net.R$styleable: int[] ButtonBarLayout
com.zeekrlife.net.R$styleable: int SearchView_commitIcon
com.zeekrlife.net.R$styleable: int MenuItem_android_menuCategory
com.zeekrlife.net.R$styleable: int DrawerArrowToggle_arrowShaftLength
com.zeekrlife.net.R$styleable: int AppCompatTextView_textLocale
com.zeekrlife.net.R$anim: int abc_popup_enter
com.zeekrlife.net.R$id: int accessibility_custom_action_3