net/build/outputs/mapping/release/usage.txt
com.zeekrlife.net.BaseNetConstant
com.zeekrlife.net.BuildConfig
com.zeekrlife.net.api.ApiPagerResponse
com.zeekrlife.net.api.ApiResponse$Debug
com.zeekrlife.net.api.ApiResponse
com.zeekrlife.net.api.BasePage
com.zeekrlife.net.api.NetEnvParams
com.zeekrlife.net.api.NetUrl
com.zeekrlife.net.api.ResponseParser
com.zeekrlife.net.interception.LogInterceptor$Companion
com.zeekrlife.net.interception.LogInterceptor$Level
com.zeekrlife.net.interception.LogInterceptor
com.zeekrlife.net.interception.logging.DefaultFormatPrinter$Companion$last$1
com.zeekrlife.net.interception.logging.DefaultFormatPrinter$Companion
com.zeekrlife.net.interception.logging.DefaultFormatPrinter
com.zeekrlife.net.interception.logging.FormatPrinter
com.zeekrlife.net.interception.logging.util.CharacterHandler$Companion$EMOJI_FILTER$1
com.zeekrlife.net.interception.logging.util.CharacterHandler$Companion$setEditTextInhibitInputSpeChats$1
com.zeekrlife.net.interception.logging.util.CharacterHandler$Companion$typeFilter$1
com.zeekrlife.net.interception.logging.util.CharacterHandler$Companion
com.zeekrlife.net.interception.logging.util.CharacterHandler
com.zeekrlife.net.interception.logging.util.LogExtKt
com.zeekrlife.net.interception.logging.util.LogUtils$Companion
com.zeekrlife.net.interception.logging.util.LogUtils
com.zeekrlife.net.interception.logging.util.UrlEncoderUtils$Companion
com.zeekrlife.net.interception.logging.util.UrlEncoderUtils
com.zeekrlife.net.interception.logging.util.XLog$gson$2
com.zeekrlife.net.interception.logging.util.XLog
com.zeekrlife.net.interception.logging.util.XLogKt
com.zeekrlife.net.interception.logging.util.ZipHelper$Companion
com.zeekrlife.net.interception.logging.util.ZipHelper
com.zeekrlife.net.load.LoadStatusEntity
com.zeekrlife.net.load.LoadingDialogEntity
com.zeekrlife.net.load.LoadingType$Companion
com.zeekrlife.net.load.LoadingType
rxhttp.wrapper.param.BaseRxHttp
rxhttp.wrapper.param.RxHttp
rxhttp.wrapper.param.RxHttpAbstractBodyParam
rxhttp.wrapper.param.RxHttpBodyParam
rxhttp.wrapper.param.RxHttpFormParam
rxhttp.wrapper.param.RxHttpJsonArrayParam
rxhttp.wrapper.param.RxHttpJsonParam
rxhttp.wrapper.param.RxHttpKt$toFlowResponse$$inlined$toFlow$1
rxhttp.wrapper.param.RxHttpKt$toFlowResponse$$inlined$toFlowProgress$1$1
rxhttp.wrapper.param.RxHttpKt$toFlowResponse$$inlined$toFlowProgress$1
rxhttp.wrapper.param.RxHttpKt$toFlowResponseProgress$$inlined$toFlowProgress$1$1
rxhttp.wrapper.param.RxHttpKt$toFlowResponseProgress$$inlined$toFlowProgress$1
rxhttp.wrapper.param.RxHttpKt$upload$1$1
rxhttp.wrapper.param.RxHttpKt
rxhttp.wrapper.param.RxHttpNoBodyParam